2024-03-27 12:24:50.736 +05:30  INF  Now listening on: http://localhost:5055
2024-03-27 12:24:50.751 +05:30  INF  Application started. Press Ctrl+C to shut down.
2024-03-27 12:24:50.751 +05:30  INF  Hosting environment: Development
2024-03-27 12:24:50.752 +05:30  INF  Content root path: C:\Users\TGCUser105\Desktop\DemoAPI-development\WebApplication2
2024-03-27 12:24:51.023 +05:30  INF  Request starting HTTP/1.1 GET http://localhost:5055/swagger/index.html - -
2024-03-27 12:24:51.196 +05:30  INF  Request starting HTTP/1.1 GET http://localhost:5055/_framework/aspnetcore-browser-refresh.js - -
2024-03-27 12:24:51.196 +05:30  INF  Request starting HTTP/1.1 GET http://localhost:5055/_vs/browserLink - -
2024-03-27 12:24:51.207 +05:30  INF  Request finished HTTP/1.1 GET http://localhost:5055/swagger/index.html - - - 200 - text/html;charset=utf-8 184.9528ms
2024-03-27 12:24:51.207 +05:30  INF  Request finished HTTP/1.1 GET http://localhost:5055/_framework/aspnetcore-browser-refresh.js - - - 200 12368 application/javascript;+charset=utf-8 2.3222ms
2024-03-27 12:24:51.211 +05:30  INF  Request finished HTTP/1.1 GET http://localhost:5055/_vs/browserLink - - - 200 - text/javascript;+charset=UTF-8 15.1155ms
2024-03-27 12:24:51.246 +05:30  INF  Request starting HTTP/1.1 GET http://localhost:5055/swagger/v1/swagger.json - -
2024-03-27 12:24:51.323 +05:30  INF  Request finished HTTP/1.1 GET http://localhost:5055/swagger/v1/swagger.json - - - 200 - application/json;charset=utf-8 77.8501ms
2024-03-27 12:40:36.591 +05:30  INF  Now listening on: http://localhost:5055
2024-03-27 12:40:36.607 +05:30  INF  Application started. Press Ctrl+C to shut down.
2024-03-27 12:40:36.608 +05:30  INF  Hosting environment: Development
2024-03-27 12:40:36.608 +05:30  INF  Content root path: C:\Users\TGCUser105\Desktop\DemoAPI-development\WebApplication2
2024-03-27 12:40:37.031 +05:30  INF  Request starting HTTP/1.1 GET http://localhost:5055/swagger/index.html - -
2024-03-27 12:40:37.179 +05:30  INF  Request starting HTTP/1.1 GET http://localhost:5055/_vs/browserLink - -
2024-03-27 12:40:37.179 +05:30  INF  Request starting HTTP/1.1 GET http://localhost:5055/_framework/aspnetcore-browser-refresh.js - -
2024-03-27 12:40:37.190 +05:30  INF  Request finished HTTP/1.1 GET http://localhost:5055/swagger/index.html - - - 200 - text/html;charset=utf-8 155.8914ms
2024-03-27 12:40:37.190 +05:30  INF  Request finished HTTP/1.1 GET http://localhost:5055/_framework/aspnetcore-browser-refresh.js - - - 200 12368 application/javascript;+charset=utf-8 5.3819ms
2024-03-27 12:40:37.193 +05:30  INF  Request finished HTTP/1.1 GET http://localhost:5055/_vs/browserLink - - - 200 - text/javascript;+charset=UTF-8 14.3904ms
2024-03-27 12:40:37.239 +05:30  INF  Request starting HTTP/1.1 GET http://localhost:5055/swagger/v1/swagger.json - -
2024-03-27 12:40:37.319 +05:30  INF  Request finished HTTP/1.1 GET http://localhost:5055/swagger/v1/swagger.json - - - 200 - application/json;charset=utf-8 79.9708ms
2024-03-27 12:41:43.050 +05:30  INF  Request starting HTTP/1.1 POST http://localhost:5055/api/Employees/add-employee multipart/form-data;+boundary=----WebKitFormBoundaryPZIYKOWAf0YMBmy0 1925
2024-03-27 12:41:43.057 +05:30  WRN  Failed to determine the https port for redirect.
2024-03-27 12:41:43.060 +05:30  INF  Executing endpoint 'EmployeeManagement.Controllers.EmployeesController.PostEmployee (EmployeeManagement)'
2024-03-27 12:41:43.076 +05:30  INF  Route matched with {action = "PostEmployee", controller = "Employees"}. Executing controller action with signature System.Threading.Tasks.Task`1[Microsoft.AspNetCore.Mvc.ActionResult`1[EmployeeManagement.Entities.Employee]] PostEmployee(EmployeeManagement.ViewModels.EmployeeVM) on controller EmployeeManagement.Controllers.EmployeesController (EmployeeManagement).
2024-03-27 12:41:43.217 +05:30  INF  Executing action method EmployeeManagement.Controllers.EmployeesController.PostEmployee (EmployeeManagement) - Validation state: "Valid"
2024-03-27 12:41:43.325 +05:30  INF  Executed action method EmployeeManagement.Controllers.EmployeesController.PostEmployee (EmployeeManagement), returned result Microsoft.AspNetCore.Mvc.ObjectResult in 104.2538ms.
2024-03-27 12:41:43.329 +05:30  INF  Executing ObjectResult, writing value of type 'System.String'.
2024-03-27 12:41:43.332 +05:30  INF  Executed action EmployeeManagement.Controllers.EmployeesController.PostEmployee (EmployeeManagement) in 253.992ms
2024-03-27 12:41:43.332 +05:30  INF  Executed endpoint 'EmployeeManagement.Controllers.EmployeesController.PostEmployee (EmployeeManagement)'
2024-03-27 12:41:43.334 +05:30  INF  Request finished HTTP/1.1 POST http://localhost:5055/api/Employees/add-employee multipart/form-data;+boundary=----WebKitFormBoundaryPZIYKOWAf0YMBmy0 1925 - 500 - text/plain;+charset=utf-8 283.6856ms
2024-03-27 12:42:16.945 +05:30  INF  Request starting HTTP/1.1 POST http://localhost:5055/api/Employees/add-employee multipart/form-data;+boundary=----WebKitFormBoundary1g3dXSAsq0iG06R4 1924
2024-03-27 12:42:16.948 +05:30  INF  Executing endpoint 'EmployeeManagement.Controllers.EmployeesController.PostEmployee (EmployeeManagement)'
2024-03-27 12:42:16.948 +05:30  INF  Route matched with {action = "PostEmployee", controller = "Employees"}. Executing controller action with signature System.Threading.Tasks.Task`1[Microsoft.AspNetCore.Mvc.ActionResult`1[EmployeeManagement.Entities.Employee]] PostEmployee(EmployeeManagement.ViewModels.EmployeeVM) on controller EmployeeManagement.Controllers.EmployeesController (EmployeeManagement).
2024-03-27 12:42:16.968 +05:30  INF  Executing action method EmployeeManagement.Controllers.EmployeesController.PostEmployee (EmployeeManagement) - Validation state: "Valid"
2024-03-27 12:42:17.039 +05:30  INF  Executed action method EmployeeManagement.Controllers.EmployeesController.PostEmployee (EmployeeManagement), returned result Microsoft.AspNetCore.Mvc.ObjectResult in 71.1197ms.
2024-03-27 12:42:17.039 +05:30  INF  Executing ObjectResult, writing value of type 'System.String'.
2024-03-27 12:42:17.040 +05:30  INF  Executed action EmployeeManagement.Controllers.EmployeesController.PostEmployee (EmployeeManagement) in 91.5314ms
2024-03-27 12:42:17.040 +05:30  INF  Executed endpoint 'EmployeeManagement.Controllers.EmployeesController.PostEmployee (EmployeeManagement)'
2024-03-27 12:42:17.040 +05:30  INF  Request finished HTTP/1.1 POST http://localhost:5055/api/Employees/add-employee multipart/form-data;+boundary=----WebKitFormBoundary1g3dXSAsq0iG06R4 1924 - 500 - text/plain;+charset=utf-8 94.9610ms
2024-03-27 12:43:01.887 +05:30  INF  Request starting HTTP/1.1 POST http://localhost:5055/api/Employees/add-employee multipart/form-data;+boundary=----WebKitFormBoundarymKBVJilmez4fSLiA 1924
2024-03-27 12:43:01.887 +05:30  INF  Executing endpoint 'EmployeeManagement.Controllers.EmployeesController.PostEmployee (EmployeeManagement)'
2024-03-27 12:43:01.888 +05:30  INF  Route matched with {action = "PostEmployee", controller = "Employees"}. Executing controller action with signature System.Threading.Tasks.Task`1[Microsoft.AspNetCore.Mvc.ActionResult`1[EmployeeManagement.Entities.Employee]] PostEmployee(EmployeeManagement.ViewModels.EmployeeVM) on controller EmployeeManagement.Controllers.EmployeesController (EmployeeManagement).
2024-03-27 12:43:01.897 +05:30  INF  Executing action method EmployeeManagement.Controllers.EmployeesController.PostEmployee (EmployeeManagement) - Validation state: "Valid"
2024-03-27 12:43:02.000 +05:30  INF  Executed action method EmployeeManagement.Controllers.EmployeesController.PostEmployee (EmployeeManagement), returned result Microsoft.AspNetCore.Mvc.ObjectResult in 102.7621ms.
2024-03-27 12:43:02.000 +05:30  INF  Executing ObjectResult, writing value of type 'System.String'.
2024-03-27 12:43:02.000 +05:30  INF  Executed action EmployeeManagement.Controllers.EmployeesController.PostEmployee (EmployeeManagement) in 112.7714ms
2024-03-27 12:43:02.000 +05:30  INF  Executed endpoint 'EmployeeManagement.Controllers.EmployeesController.PostEmployee (EmployeeManagement)'
2024-03-27 12:43:02.001 +05:30  INF  Request finished HTTP/1.1 POST http://localhost:5055/api/Employees/add-employee multipart/form-data;+boundary=----WebKitFormBoundarymKBVJilmez4fSLiA 1924 - 500 - text/plain;+charset=utf-8 114.5005ms
2024-03-27 12:47:00.235 +05:30  INF  Now listening on: http://localhost:5055
2024-03-27 12:47:00.259 +05:30  INF  Application started. Press Ctrl+C to shut down.
2024-03-27 12:47:00.259 +05:30  INF  Hosting environment: Development
2024-03-27 12:47:00.260 +05:30  INF  Content root path: C:\Users\TGCUser105\Desktop\DemoAPI-development\WebApplication2
2024-03-27 12:47:00.632 +05:30  INF  Request starting HTTP/1.1 GET http://localhost:5055/swagger/index.html - -
2024-03-27 12:47:00.783 +05:30  INF  Request starting HTTP/1.1 GET http://localhost:5055/_framework/aspnetcore-browser-refresh.js - -
2024-03-27 12:47:00.783 +05:30  INF  Request starting HTTP/1.1 GET http://localhost:5055/_vs/browserLink - -
2024-03-27 12:47:00.784 +05:30  INF  Request finished HTTP/1.1 GET http://localhost:5055/swagger/index.html - - - 200 - text/html;charset=utf-8 153.1680ms
2024-03-27 12:47:00.788 +05:30  INF  Request finished HTTP/1.1 GET http://localhost:5055/_framework/aspnetcore-browser-refresh.js - - - 200 12368 application/javascript;+charset=utf-8 5.5676ms
2024-03-27 12:47:00.792 +05:30  INF  Request finished HTTP/1.1 GET http://localhost:5055/_vs/browserLink - - - 200 - text/javascript;+charset=UTF-8 9.0243ms
2024-03-27 12:47:00.844 +05:30  INF  Request starting HTTP/1.1 GET http://localhost:5055/swagger/v1/swagger.json - -
2024-03-27 12:47:00.923 +05:30  INF  Request finished HTTP/1.1 GET http://localhost:5055/swagger/v1/swagger.json - - - 200 - application/json;charset=utf-8 78.9696ms
2024-03-27 12:48:17.895 +05:30  INF  Request starting HTTP/1.1 POST http://localhost:5055/api/Employees/add-employee multipart/form-data;+boundary=----WebKitFormBoundaryjJVv5nlJa6VVs6O8 1922
2024-03-27 12:48:17.902 +05:30  WRN  Failed to determine the https port for redirect.
2024-03-27 12:48:17.904 +05:30  INF  Executing endpoint 'EmployeeManagement.Controllers.EmployeesController.PostEmployee (EmployeeManagement)'
2024-03-27 12:48:17.920 +05:30  INF  Route matched with {action = "PostEmployee", controller = "Employees"}. Executing controller action with signature System.Threading.Tasks.Task`1[Microsoft.AspNetCore.Mvc.ActionResult`1[EmployeeManagement.Entities.Employee]] PostEmployee(EmployeeManagement.ViewModels.EmployeeVM) on controller EmployeeManagement.Controllers.EmployeesController (EmployeeManagement).
2024-03-27 12:48:18.064 +05:30  INF  Executing action method EmployeeManagement.Controllers.EmployeesController.PostEmployee (EmployeeManagement) - Validation state: "Valid"
2024-03-27 12:48:18.148 +05:30  INF  Executed action method EmployeeManagement.Controllers.EmployeesController.PostEmployee (EmployeeManagement), returned result Microsoft.AspNetCore.Mvc.ObjectResult in 80.6479ms.
2024-03-27 12:48:18.152 +05:30  INF  Executing ObjectResult, writing value of type 'System.String'.
2024-03-27 12:48:18.154 +05:30  INF  Executed action EmployeeManagement.Controllers.EmployeesController.PostEmployee (EmployeeManagement) in 231.8611ms
2024-03-27 12:48:18.155 +05:30  INF  Executed endpoint 'EmployeeManagement.Controllers.EmployeesController.PostEmployee (EmployeeManagement)'
2024-03-27 12:48:18.156 +05:30  INF  Request finished HTTP/1.1 POST http://localhost:5055/api/Employees/add-employee multipart/form-data;+boundary=----WebKitFormBoundaryjJVv5nlJa6VVs6O8 1922 - 500 - text/plain;+charset=utf-8 261.2744ms
2024-03-27 12:50:02.308 +05:30  WRN  No store type was specified for the decimal property 'Salary' on entity type 'Employee'. This will cause values to be silently truncated if they do not fit in the default precision and scale. Explicitly specify the SQL server column type that can accommodate all the values in 'OnModelCreating' using 'HasColumnType', specify precision and scale using 'HasPrecision', or configure a value converter using 'HasConversion'.
2024-03-27 12:50:02.399 +05:30  WRN  No store type was specified for the decimal property 'Salary' on entity type 'Employee'. This will cause values to be silently truncated if they do not fit in the default precision and scale. Explicitly specify the SQL server column type that can accommodate all the values in 'OnModelCreating' using 'HasColumnType', specify precision and scale using 'HasPrecision', or configure a value converter using 'HasConversion'.
2024-03-27 12:50:13.428 +05:30  WRN  No store type was specified for the decimal property 'Salary' on entity type 'Employee'. This will cause values to be silently truncated if they do not fit in the default precision and scale. Explicitly specify the SQL server column type that can accommodate all the values in 'OnModelCreating' using 'HasColumnType', specify precision and scale using 'HasPrecision', or configure a value converter using 'HasConversion'.
2024-03-27 12:50:13.667 +05:30  INF  Executed DbCommand (10ms) [Parameters=[], CommandType='"Text"', CommandTimeout='30']
SELECT 1
2024-03-27 12:50:13.682 +05:30  INF  Executed DbCommand (8ms) [Parameters=[], CommandType='"Text"', CommandTimeout='30']
SELECT OBJECT_ID(N'[__EFMigrationsHistory]');
2024-03-27 12:50:13.683 +05:30  INF  Executed DbCommand (1ms) [Parameters=[], CommandType='"Text"', CommandTimeout='30']
SELECT 1
2024-03-27 12:50:13.684 +05:30  INF  Executed DbCommand (0ms) [Parameters=[], CommandType='"Text"', CommandTimeout='30']
SELECT OBJECT_ID(N'[__EFMigrationsHistory]');
2024-03-27 12:50:13.702 +05:30  INF  Executed DbCommand (6ms) [Parameters=[], CommandType='"Text"', CommandTimeout='30']
SELECT [MigrationId], [ProductVersion]
FROM [__EFMigrationsHistory]
ORDER BY [MigrationId];
2024-03-27 12:50:13.710 +05:30  INF  Applying migration '20240327072002_ImageUpload'.
2024-03-27 12:50:13.822 +05:30  INF  Executed DbCommand (81ms) [Parameters=[], CommandType='"Text"', CommandTimeout='30']
DECLARE @var0 sysname;
SELECT @var0 = [d].[name]
FROM [sys].[default_constraints] [d]
INNER JOIN [sys].[columns] [c] ON [d].[parent_column_id] = [c].[column_id] AND [d].[parent_object_id] = [c].[object_id]
WHERE ([d].[parent_object_id] = OBJECT_ID(N'[Employees]') AND [c].[name] = N'Photo');
IF @var0 IS NOT NULL EXEC(N'ALTER TABLE [Employees] DROP CONSTRAINT [' + @var0 + '];');
ALTER TABLE [Employees] ALTER COLUMN [Photo] nvarchar(max) NOT NULL;
2024-03-27 12:50:13.826 +05:30  INF  Executed DbCommand (4ms) [Parameters=[], CommandType='"Text"', CommandTimeout='30']
INSERT INTO [__EFMigrationsHistory] ([MigrationId], [ProductVersion])
VALUES (N'20240327072002_ImageUpload', N'7.0.0');
2024-03-27 12:51:03.483 +05:30  INF  Now listening on: http://localhost:5055
2024-03-27 12:51:03.499 +05:30  INF  Application started. Press Ctrl+C to shut down.
2024-03-27 12:51:03.499 +05:30  INF  Hosting environment: Development
2024-03-27 12:51:03.499 +05:30  INF  Content root path: C:\Users\TGCUser105\Desktop\DemoAPI-development\WebApplication2
2024-03-27 12:51:03.944 +05:30  INF  Request starting HTTP/1.1 GET http://localhost:5055/swagger/index.html - -
2024-03-27 12:51:04.133 +05:30  INF  Request starting HTTP/1.1 GET http://localhost:5055/_framework/aspnetcore-browser-refresh.js - -
2024-03-27 12:51:04.136 +05:30  INF  Request finished HTTP/1.1 GET http://localhost:5055/swagger/index.html - - - 200 - text/html;charset=utf-8 194.6949ms
2024-03-27 12:51:04.136 +05:30  INF  Request finished HTTP/1.1 GET http://localhost:5055/_framework/aspnetcore-browser-refresh.js - - - 200 12368 application/javascript;+charset=utf-8 1.5931ms
2024-03-27 12:51:04.141 +05:30  INF  Request starting HTTP/1.1 GET http://localhost:5055/_vs/browserLink - -
2024-03-27 12:51:04.152 +05:30  INF  Request finished HTTP/1.1 GET http://localhost:5055/_vs/browserLink - - - 200 - text/javascript;+charset=UTF-8 11.8250ms
2024-03-27 12:51:04.205 +05:30  INF  Request starting HTTP/1.1 GET http://localhost:5055/swagger/v1/swagger.json - -
2024-03-27 12:51:04.293 +05:30  INF  Request finished HTTP/1.1 GET http://localhost:5055/swagger/v1/swagger.json - - - 200 - application/json;charset=utf-8 87.5394ms
2024-03-27 12:52:16.619 +05:30  INF  Request starting HTTP/1.1 POST http://localhost:5055/api/Employees/add-employee multipart/form-data;+boundary=----WebKitFormBoundaryJnhrOfyAXZp24Tx9 1829
2024-03-27 12:52:16.627 +05:30  WRN  Failed to determine the https port for redirect.
2024-03-27 12:52:16.629 +05:30  INF  Executing endpoint 'EmployeeManagement.Controllers.EmployeesController.PostEmployee (EmployeeManagement)'
2024-03-27 12:52:16.645 +05:30  INF  Route matched with {action = "PostEmployee", controller = "Employees"}. Executing controller action with signature System.Threading.Tasks.Task`1[Microsoft.AspNetCore.Mvc.ActionResult`1[EmployeeManagement.Entities.Employee]] PostEmployee(EmployeeManagement.ViewModels.EmployeeVM) on controller EmployeeManagement.Controllers.EmployeesController (EmployeeManagement).
2024-03-27 12:52:16.787 +05:30  INF  Executing action method EmployeeManagement.Controllers.EmployeesController.PostEmployee (EmployeeManagement) - Validation state: "Valid"
2024-03-27 12:52:16.867 +05:30  INF  Executed action method EmployeeManagement.Controllers.EmployeesController.PostEmployee (EmployeeManagement), returned result Microsoft.AspNetCore.Mvc.ObjectResult in 77.2091ms.
2024-03-27 12:52:16.871 +05:30  INF  Executing ObjectResult, writing value of type 'System.String'.
2024-03-27 12:52:16.873 +05:30  INF  Executed action EmployeeManagement.Controllers.EmployeesController.PostEmployee (EmployeeManagement) in 226.5496ms
2024-03-27 12:52:16.874 +05:30  INF  Executed endpoint 'EmployeeManagement.Controllers.EmployeesController.PostEmployee (EmployeeManagement)'
2024-03-27 12:52:16.875 +05:30  INF  Request finished HTTP/1.1 POST http://localhost:5055/api/Employees/add-employee multipart/form-data;+boundary=----WebKitFormBoundaryJnhrOfyAXZp24Tx9 1829 - 500 - text/plain;+charset=utf-8 256.0445ms
2024-03-27 12:56:07.062 +05:30  INF  Request starting HTTP/1.1 GET http://localhost:5055/api/Employees/get-all-employees - -
2024-03-27 12:56:07.066 +05:30  INF  Executing endpoint 'EmployeeManagement.Controllers.EmployeesController.GetEmployees (EmployeeManagement)'
2024-03-27 12:56:07.069 +05:30  INF  Route matched with {action = "GetEmployees", controller = "Employees"}. Executing controller action with signature System.Threading.Tasks.Task`1[Microsoft.AspNetCore.Mvc.ActionResult`1[System.Collections.Generic.IEnumerable`1[EmployeeManagement.Entities.Employee]]] GetEmployees() on controller EmployeeManagement.Controllers.EmployeesController (EmployeeManagement).
2024-03-27 12:56:07.083 +05:30  INF  Executing action method EmployeeManagement.Controllers.EmployeesController.GetEmployees (EmployeeManagement) - Validation state: "Valid"
2024-03-27 12:56:07.285 +05:30  WRN  No store type was specified for the decimal property 'Salary' on entity type 'Employee'. This will cause values to be silently truncated if they do not fit in the default precision and scale. Explicitly specify the SQL server column type that can accommodate all the values in 'OnModelCreating' using 'HasColumnType', specify precision and scale using 'HasPrecision', or configure a value converter using 'HasConversion'.
2024-03-27 12:56:07.686 +05:30  INF  Executed DbCommand (23ms) [Parameters=[], CommandType='"Text"', CommandTimeout='30']
SELECT [e].[Id], [e].[Address], [e].[BirthDate], [e].[City], [e].[Country], [e].[Created], [e].[Email], [e].[FirstName], [e].[Gender], [e].[Hobbies], [e].[LastName], [e].[MaritalStatus], [e].[Password], [e].[Photo], [e].[Salary], [e].[State], [e].[ZipCode]
FROM [Employees] AS [e]
2024-03-27 12:56:07.747 +05:30  INF  Executed action method EmployeeManagement.Controllers.EmployeesController.GetEmployees (EmployeeManagement), returned result Microsoft.AspNetCore.Mvc.OkObjectResult in 664.3324ms.
2024-03-27 12:56:07.751 +05:30  INF  Executing OkObjectResult, writing value of type 'System.Collections.Generic.List`1[[EmployeeManagement.Entities.Employee, EmployeeManagement, Version=1.0.0.0, Culture=neutral, PublicKeyToken=null]]'.
2024-03-27 12:56:07.765 +05:30  INF  Executed action EmployeeManagement.Controllers.EmployeesController.GetEmployees (EmployeeManagement) in 696.3348ms
2024-03-27 12:56:07.766 +05:30  INF  Executed endpoint 'EmployeeManagement.Controllers.EmployeesController.GetEmployees (EmployeeManagement)'
2024-03-27 12:56:07.769 +05:30  INF  Request finished HTTP/1.1 GET http://localhost:5055/api/Employees/get-all-employees - - - 200 - application/json;+charset=utf-8 707.4867ms
2024-03-27 12:56:30.466 +05:30  INF  Request starting HTTP/1.1 POST http://localhost:5055/api/Employees/add-employee multipart/form-data;+boundary=----WebKitFormBoundaryiauNLBoRrgMwCB0y 1829
2024-03-27 12:56:30.494 +05:30  INF  Executing endpoint 'EmployeeManagement.Controllers.EmployeesController.PostEmployee (EmployeeManagement)'
2024-03-27 12:56:30.495 +05:30  INF  Route matched with {action = "PostEmployee", controller = "Employees"}. Executing controller action with signature System.Threading.Tasks.Task`1[Microsoft.AspNetCore.Mvc.ActionResult`1[EmployeeManagement.Entities.Employee]] PostEmployee(EmployeeManagement.ViewModels.EmployeeVM) on controller EmployeeManagement.Controllers.EmployeesController (EmployeeManagement).
2024-03-27 12:56:30.506 +05:30  INF  Executing action method EmployeeManagement.Controllers.EmployeesController.PostEmployee (EmployeeManagement) - Validation state: "Valid"
2024-03-27 12:56:45.654 +05:30  INF  Executed action method EmployeeManagement.Controllers.EmployeesController.PostEmployee (EmployeeManagement), returned result Microsoft.AspNetCore.Mvc.ObjectResult in 15148.404ms.
2024-03-27 12:56:45.654 +05:30  INF  Executing ObjectResult, writing value of type 'System.String'.
2024-03-27 12:56:45.654 +05:30  INF  Executed action EmployeeManagement.Controllers.EmployeesController.PostEmployee (EmployeeManagement) in 15159.68ms
2024-03-27 12:56:45.654 +05:30  INF  Executed endpoint 'EmployeeManagement.Controllers.EmployeesController.PostEmployee (EmployeeManagement)'
2024-03-27 12:56:45.654 +05:30  INF  Request finished HTTP/1.1 POST http://localhost:5055/api/Employees/add-employee multipart/form-data;+boundary=----WebKitFormBoundaryiauNLBoRrgMwCB0y 1829 - 500 - text/plain;+charset=utf-8 15188.8674ms
2024-03-27 12:57:14.901 +05:30  INF  Request starting HTTP/1.1 POST http://localhost:5055/api/Employees/add-employee multipart/form-data;+boundary=----WebKitFormBoundaryObhBOXDk0WaSlQNZ 1829
2024-03-27 12:57:14.903 +05:30  INF  Executing endpoint 'EmployeeManagement.Controllers.EmployeesController.PostEmployee (EmployeeManagement)'
2024-03-27 12:57:14.903 +05:30  INF  Route matched with {action = "PostEmployee", controller = "Employees"}. Executing controller action with signature System.Threading.Tasks.Task`1[Microsoft.AspNetCore.Mvc.ActionResult`1[EmployeeManagement.Entities.Employee]] PostEmployee(EmployeeManagement.ViewModels.EmployeeVM) on controller EmployeeManagement.Controllers.EmployeesController (EmployeeManagement).
2024-03-27 12:57:14.911 +05:30  INF  Executing action method EmployeeManagement.Controllers.EmployeesController.PostEmployee (EmployeeManagement) - Validation state: "Valid"
2024-03-27 12:57:21.237 +05:30  INF  Executed action method EmployeeManagement.Controllers.EmployeesController.PostEmployee (EmployeeManagement), returned result Microsoft.AspNetCore.Mvc.ObjectResult in 6325.1951ms.
2024-03-27 12:57:21.237 +05:30  INF  Executing ObjectResult, writing value of type 'System.String'.
2024-03-27 12:57:21.237 +05:30  INF  Executed action EmployeeManagement.Controllers.EmployeesController.PostEmployee (EmployeeManagement) in 6333.9568ms
2024-03-27 12:57:21.237 +05:30  INF  Executed endpoint 'EmployeeManagement.Controllers.EmployeesController.PostEmployee (EmployeeManagement)'
2024-03-27 12:57:21.237 +05:30  INF  Request finished HTTP/1.1 POST http://localhost:5055/api/Employees/add-employee multipart/form-data;+boundary=----WebKitFormBoundaryObhBOXDk0WaSlQNZ 1829 - 500 - text/plain;+charset=utf-8 6339.6808ms
2024-03-27 12:58:19.758 +05:30  INF  Request starting HTTP/1.1 POST http://localhost:5055/api/Employees/add-employee multipart/form-data;+boundary=----WebKitFormBoundaryykdCejzzGXpgDZEC 1829
2024-03-27 12:58:19.760 +05:30  INF  Executing endpoint 'EmployeeManagement.Controllers.EmployeesController.PostEmployee (EmployeeManagement)'
2024-03-27 12:58:19.760 +05:30  INF  Route matched with {action = "PostEmployee", controller = "Employees"}. Executing controller action with signature System.Threading.Tasks.Task`1[Microsoft.AspNetCore.Mvc.ActionResult`1[EmployeeManagement.Entities.Employee]] PostEmployee(EmployeeManagement.ViewModels.EmployeeVM) on controller EmployeeManagement.Controllers.EmployeesController (EmployeeManagement).
2024-03-27 12:58:19.768 +05:30  INF  Executing action method EmployeeManagement.Controllers.EmployeesController.PostEmployee (EmployeeManagement) - Validation state: "Valid"
2024-03-27 12:59:09.922 +05:30  INF  Executed action method EmployeeManagement.Controllers.EmployeesController.PostEmployee (EmployeeManagement), returned result Microsoft.AspNetCore.Mvc.ObjectResult in 50153.6728ms.
2024-03-27 12:59:09.922 +05:30  INF  Executing ObjectResult, writing value of type 'System.String'.
2024-03-27 12:59:09.922 +05:30  INF  Executed action EmployeeManagement.Controllers.EmployeesController.PostEmployee (EmployeeManagement) in 50162.0333ms
2024-03-27 12:59:09.922 +05:30  INF  Executed endpoint 'EmployeeManagement.Controllers.EmployeesController.PostEmployee (EmployeeManagement)'
2024-03-27 12:59:09.923 +05:30  INF  Request finished HTTP/1.1 POST http://localhost:5055/api/Employees/add-employee multipart/form-data;+boundary=----WebKitFormBoundaryykdCejzzGXpgDZEC 1829 - 500 - text/plain;+charset=utf-8 50164.2868ms
2024-03-27 12:59:13.301 +05:30  INF  Request starting HTTP/1.1 POST http://localhost:5055/api/Employees/add-employee multipart/form-data;+boundary=----WebKitFormBoundaryFYlmcKxLeLAfaJld 1829
2024-03-27 12:59:13.302 +05:30  INF  Executing endpoint 'EmployeeManagement.Controllers.EmployeesController.PostEmployee (EmployeeManagement)'
2024-03-27 12:59:13.302 +05:30  INF  Route matched with {action = "PostEmployee", controller = "Employees"}. Executing controller action with signature System.Threading.Tasks.Task`1[Microsoft.AspNetCore.Mvc.ActionResult`1[EmployeeManagement.Entities.Employee]] PostEmployee(EmployeeManagement.ViewModels.EmployeeVM) on controller EmployeeManagement.Controllers.EmployeesController (EmployeeManagement).
2024-03-27 12:59:13.314 +05:30  INF  Executing action method EmployeeManagement.Controllers.EmployeesController.PostEmployee (EmployeeManagement) - Validation state: "Valid"
2024-03-27 12:59:16.680 +05:30  INF  Executed action method EmployeeManagement.Controllers.EmployeesController.PostEmployee (EmployeeManagement), returned result Microsoft.AspNetCore.Mvc.ObjectResult in 3366.2361ms.
2024-03-27 12:59:16.680 +05:30  INF  Executing ObjectResult, writing value of type 'System.String'.
2024-03-27 12:59:16.680 +05:30  INF  Executed action EmployeeManagement.Controllers.EmployeesController.PostEmployee (EmployeeManagement) in 3378.4722ms
2024-03-27 12:59:16.680 +05:30  INF  Executed endpoint 'EmployeeManagement.Controllers.EmployeesController.PostEmployee (EmployeeManagement)'
2024-03-27 12:59:16.680 +05:30  INF  Request finished HTTP/1.1 POST http://localhost:5055/api/Employees/add-employee multipart/form-data;+boundary=----WebKitFormBoundaryFYlmcKxLeLAfaJld 1829 - 500 - text/plain;+charset=utf-8 3378.8501ms
2024-03-27 13:26:43.500 +05:30  INF  Now listening on: http://localhost:5055
2024-03-27 13:26:43.516 +05:30  INF  Application started. Press Ctrl+C to shut down.
2024-03-27 13:26:43.517 +05:30  INF  Hosting environment: Development
2024-03-27 13:26:43.517 +05:30  INF  Content root path: C:\Users\TGCUser105\Desktop\DemoAPI-development\WebApplication2
2024-03-27 13:26:43.958 +05:30  INF  Request starting HTTP/1.1 GET http://localhost:5055/swagger/index.html - -
2024-03-27 13:26:44.101 +05:30  INF  Request starting HTTP/1.1 GET http://localhost:5055/_framework/aspnetcore-browser-refresh.js - -
2024-03-27 13:26:44.101 +05:30  INF  Request starting HTTP/1.1 GET http://localhost:5055/_vs/browserLink - -
2024-03-27 13:26:44.114 +05:30  INF  Request finished HTTP/1.1 GET http://localhost:5055/_framework/aspnetcore-browser-refresh.js - - - 200 12368 application/javascript;+charset=utf-8 5.8245ms
2024-03-27 13:26:44.114 +05:30  INF  Request finished HTTP/1.1 GET http://localhost:5055/swagger/index.html - - - 200 - text/html;charset=utf-8 158.0086ms
2024-03-27 13:26:44.117 +05:30  INF  Request finished HTTP/1.1 GET http://localhost:5055/_vs/browserLink - - - 200 - text/javascript;+charset=UTF-8 15.3928ms
2024-03-27 13:26:44.163 +05:30  INF  Request starting HTTP/1.1 GET http://localhost:5055/swagger/v1/swagger.json - -
2024-03-27 13:26:44.244 +05:30  INF  Request finished HTTP/1.1 GET http://localhost:5055/swagger/v1/swagger.json - - - 200 - application/json;charset=utf-8 80.2366ms
2024-03-27 13:28:08.040 +05:30  INF  Request starting HTTP/1.1 GET http://localhost:5055/swagger/index.html - -
2024-03-27 13:28:08.050 +05:30  INF  Request finished HTTP/1.1 GET http://localhost:5055/swagger/index.html - - - 200 - text/html;charset=utf-8 10.0118ms
2024-03-27 13:28:08.053 +05:30  INF  Request starting HTTP/1.1 GET http://localhost:5055/_vs/browserLink - -
2024-03-27 13:28:08.053 +05:30  INF  Request starting HTTP/1.1 GET http://localhost:5055/_framework/aspnetcore-browser-refresh.js - -
2024-03-27 13:28:08.054 +05:30  INF  Request finished HTTP/1.1 GET http://localhost:5055/_framework/aspnetcore-browser-refresh.js - - - 200 12368 application/javascript;+charset=utf-8 0.4945ms
2024-03-27 13:28:08.060 +05:30  INF  Request finished HTTP/1.1 GET http://localhost:5055/_vs/browserLink - - - 200 - text/javascript;+charset=UTF-8 6.8851ms
2024-03-27 13:28:08.091 +05:30  INF  Request starting HTTP/1.1 GET http://localhost:5055/swagger/v1/swagger.json - -
2024-03-27 13:28:08.101 +05:30  INF  Request finished HTTP/1.1 GET http://localhost:5055/swagger/v1/swagger.json - - - 200 - application/json;charset=utf-8 9.6898ms
2024-03-27 13:29:13.149 +05:30  INF  Request starting HTTP/1.1 POST http://localhost:5055/api/Employees/add-employee multipart/form-data;+boundary=----WebKitFormBoundaryEmuTBLKP08roA9pB 1927
2024-03-27 13:29:13.155 +05:30  WRN  Failed to determine the https port for redirect.
2024-03-27 13:29:13.157 +05:30  INF  Executing endpoint 'EmployeeManagement.Controllers.EmployeesController.PostEmployee (EmployeeManagement)'
2024-03-27 13:29:13.172 +05:30  INF  Route matched with {action = "PostEmployee", controller = "Employees"}. Executing controller action with signature System.Threading.Tasks.Task`1[Microsoft.AspNetCore.Mvc.ActionResult`1[EmployeeManagement.Entities.Employee]] PostEmployee(EmployeeManagement.ViewModels.EmployeeVM) on controller EmployeeManagement.Controllers.EmployeesController (EmployeeManagement).
2024-03-27 13:29:13.290 +05:30  INF  Executing action method EmployeeManagement.Controllers.EmployeesController.PostEmployee (EmployeeManagement) - Validation state: "Valid"
2024-03-27 13:29:13.397 +05:30  INF  Executed action method EmployeeManagement.Controllers.EmployeesController.PostEmployee (EmployeeManagement), returned result Microsoft.AspNetCore.Mvc.ObjectResult in 102.9988ms.
2024-03-27 13:29:13.400 +05:30  INF  Executing ObjectResult, writing value of type 'System.String'.
2024-03-27 13:29:13.403 +05:30  INF  Executed action EmployeeManagement.Controllers.EmployeesController.PostEmployee (EmployeeManagement) in 229.1737ms
2024-03-27 13:29:13.403 +05:30  INF  Executed endpoint 'EmployeeManagement.Controllers.EmployeesController.PostEmployee (EmployeeManagement)'
2024-03-27 13:29:13.404 +05:30  INF  Request finished HTTP/1.1 POST http://localhost:5055/api/Employees/add-employee multipart/form-data;+boundary=----WebKitFormBoundaryEmuTBLKP08roA9pB 1927 - 500 - text/plain;+charset=utf-8 255.3808ms
2024-03-27 13:45:12.010 +05:30  INF  Now listening on: http://localhost:5055
2024-03-27 13:45:12.027 +05:30  INF  Application started. Press Ctrl+C to shut down.
2024-03-27 13:45:12.027 +05:30  INF  Hosting environment: Development
2024-03-27 13:45:12.028 +05:30  INF  Content root path: C:\Users\TGCUser105\Desktop\DemoAPI-development\WebApplication2
2024-03-27 13:45:12.355 +05:30  INF  Request starting HTTP/1.1 GET http://localhost:5055/swagger/index.html - -
2024-03-27 13:45:12.565 +05:30  INF  Request starting HTTP/1.1 GET http://localhost:5055/_vs/browserLink - -
2024-03-27 13:45:12.565 +05:30  INF  Request starting HTTP/1.1 GET http://localhost:5055/_framework/aspnetcore-browser-refresh.js - -
2024-03-27 13:45:12.577 +05:30  INF  Request finished HTTP/1.1 GET http://localhost:5055/_framework/aspnetcore-browser-refresh.js - - - 200 12368 application/javascript;+charset=utf-8 35.3562ms
2024-03-27 13:45:12.577 +05:30  INF  Request finished HTTP/1.1 GET http://localhost:5055/swagger/index.html - - - 200 - text/html;charset=utf-8 223.9309ms
2024-03-27 13:45:12.584 +05:30  INF  Request finished HTTP/1.1 GET http://localhost:5055/_vs/browserLink - - - 200 - text/javascript;+charset=UTF-8 48.8273ms
2024-03-27 13:45:12.616 +05:30  INF  Request starting HTTP/1.1 GET http://localhost:5055/swagger/v1/swagger.json - -
2024-03-27 13:45:12.694 +05:30  INF  Request finished HTTP/1.1 GET http://localhost:5055/swagger/v1/swagger.json - - - 200 - application/json;charset=utf-8 78.3704ms
2024-03-27 13:46:13.941 +05:30  INF  Request starting HTTP/1.1 POST http://localhost:5055/api/Employees/add-employee multipart/form-data;+boundary=----WebKitFormBoundarydRq3ltFwCdwgEfAu 1836
2024-03-27 13:46:13.951 +05:30  WRN  Failed to determine the https port for redirect.
2024-03-27 13:46:13.953 +05:30  INF  Executing endpoint 'EmployeeManagement.Controllers.EmployeesController.PostEmployee (EmployeeManagement)'
2024-03-27 13:46:13.969 +05:30  INF  Route matched with {action = "PostEmployee", controller = "Employees"}. Executing controller action with signature System.Threading.Tasks.Task`1[Microsoft.AspNetCore.Mvc.ActionResult`1[EmployeeManagement.Entities.Employee]] PostEmployee(EmployeeManagement.ViewModels.EmployeeVM) on controller EmployeeManagement.Controllers.EmployeesController (EmployeeManagement).
2024-03-27 13:46:14.119 +05:30  INF  Executing action method EmployeeManagement.Controllers.EmployeesController.PostEmployee (EmployeeManagement) - Validation state: "Valid"
2024-03-27 13:46:14.183 +05:30  INF  Executed action method EmployeeManagement.Controllers.EmployeesController.PostEmployee (EmployeeManagement), returned result Microsoft.AspNetCore.Mvc.ObjectResult in 61.3523ms.
2024-03-27 13:46:14.187 +05:30  INF  Executing ObjectResult, writing value of type 'System.String'.
2024-03-27 13:46:14.190 +05:30  INF  Executed action EmployeeManagement.Controllers.EmployeesController.PostEmployee (EmployeeManagement) in 218.1178ms
2024-03-27 13:46:14.190 +05:30  INF  Executed endpoint 'EmployeeManagement.Controllers.EmployeesController.PostEmployee (EmployeeManagement)'
2024-03-27 13:46:14.191 +05:30  INF  Request finished HTTP/1.1 POST http://localhost:5055/api/Employees/add-employee multipart/form-data;+boundary=----WebKitFormBoundarydRq3ltFwCdwgEfAu 1836 - 500 - text/plain;+charset=utf-8 249.4572ms
2024-03-27 13:46:29.356 +05:30  INF  Request starting HTTP/1.1 POST http://localhost:5055/api/Employees/add-employee multipart/form-data;+boundary=----WebKitFormBoundarywTZrtoVaICVNt7Hb 1836
2024-03-27 13:46:29.357 +05:30  INF  Executing endpoint 'EmployeeManagement.Controllers.EmployeesController.PostEmployee (EmployeeManagement)'
2024-03-27 13:46:29.357 +05:30  INF  Route matched with {action = "PostEmployee", controller = "Employees"}. Executing controller action with signature System.Threading.Tasks.Task`1[Microsoft.AspNetCore.Mvc.ActionResult`1[EmployeeManagement.Entities.Employee]] PostEmployee(EmployeeManagement.ViewModels.EmployeeVM) on controller EmployeeManagement.Controllers.EmployeesController (EmployeeManagement).
2024-03-27 13:46:29.374 +05:30  INF  Executing action method EmployeeManagement.Controllers.EmployeesController.PostEmployee (EmployeeManagement) - Validation state: "Valid"
2024-03-27 13:46:29.428 +05:30  INF  Executed action method EmployeeManagement.Controllers.EmployeesController.PostEmployee (EmployeeManagement), returned result Microsoft.AspNetCore.Mvc.ObjectResult in 53.7009ms.
2024-03-27 13:46:29.428 +05:30  INF  Executing ObjectResult, writing value of type 'System.String'.
2024-03-27 13:46:29.428 +05:30  INF  Executed action EmployeeManagement.Controllers.EmployeesController.PostEmployee (EmployeeManagement) in 71.305ms
2024-03-27 13:46:29.429 +05:30  INF  Executed endpoint 'EmployeeManagement.Controllers.EmployeesController.PostEmployee (EmployeeManagement)'
2024-03-27 13:46:29.429 +05:30  INF  Request finished HTTP/1.1 POST http://localhost:5055/api/Employees/add-employee multipart/form-data;+boundary=----WebKitFormBoundarywTZrtoVaICVNt7Hb 1836 - 500 - text/plain;+charset=utf-8 73.1357ms
2024-03-27 13:47:49.428 +05:30  INF  Request starting HTTP/1.1 POST http://localhost:5055/api/Employees/add-employee multipart/form-data;+boundary=----WebKitFormBoundary679j8wycNfpxSsXr 2886
2024-03-27 13:47:49.428 +05:30  INF  Executing endpoint 'EmployeeManagement.Controllers.EmployeesController.PostEmployee (EmployeeManagement)'
2024-03-27 13:47:49.428 +05:30  INF  Route matched with {action = "PostEmployee", controller = "Employees"}. Executing controller action with signature System.Threading.Tasks.Task`1[Microsoft.AspNetCore.Mvc.ActionResult`1[EmployeeManagement.Entities.Employee]] PostEmployee(EmployeeManagement.ViewModels.EmployeeVM) on controller EmployeeManagement.Controllers.EmployeesController (EmployeeManagement).
2024-03-27 13:47:49.439 +05:30  INF  Executing action method EmployeeManagement.Controllers.EmployeesController.PostEmployee (EmployeeManagement) - Validation state: "Valid"
2024-03-27 13:47:49.494 +05:30  INF  Executed action method EmployeeManagement.Controllers.EmployeesController.PostEmployee (EmployeeManagement), returned result Microsoft.AspNetCore.Mvc.ObjectResult in 54.1145ms.
2024-03-27 13:47:49.494 +05:30  INF  Executing ObjectResult, writing value of type 'System.String'.
2024-03-27 13:47:49.494 +05:30  INF  Executed action EmployeeManagement.Controllers.EmployeesController.PostEmployee (EmployeeManagement) in 65.3525ms
2024-03-27 13:47:49.494 +05:30  INF  Executed endpoint 'EmployeeManagement.Controllers.EmployeesController.PostEmployee (EmployeeManagement)'
2024-03-27 13:47:49.494 +05:30  INF  Request finished HTTP/1.1 POST http://localhost:5055/api/Employees/add-employee multipart/form-data;+boundary=----WebKitFormBoundary679j8wycNfpxSsXr 2886 - 500 - text/plain;+charset=utf-8 65.8744ms
2024-03-27 13:54:10.343 +05:30  INF  Now listening on: http://localhost:5055
2024-03-27 13:54:10.358 +05:30  INF  Application started. Press Ctrl+C to shut down.
2024-03-27 13:54:10.358 +05:30  INF  Hosting environment: Development
2024-03-27 13:54:10.358 +05:30  INF  Content root path: C:\Users\TGCUser105\Desktop\DemoAPI-development\WebApplication2
2024-03-27 13:54:10.585 +05:30  INF  Request starting HTTP/1.1 GET http://localhost:5055/swagger/index.html - -
2024-03-27 13:54:10.733 +05:30  INF  Request starting HTTP/1.1 GET http://localhost:5055/_vs/browserLink - -
2024-03-27 13:54:10.733 +05:30  INF  Request starting HTTP/1.1 GET http://localhost:5055/_framework/aspnetcore-browser-refresh.js - -
2024-03-27 13:54:10.775 +05:30  INF  Request finished HTTP/1.1 GET http://localhost:5055/_framework/aspnetcore-browser-refresh.js - - - 200 12368 application/javascript;+charset=utf-8 5.0506ms
2024-03-27 13:54:10.776 +05:30  INF  Request finished HTTP/1.1 GET http://localhost:5055/swagger/index.html - - - 200 - text/html;charset=utf-8 192.5335ms
2024-03-27 13:54:10.778 +05:30  INF  Request finished HTTP/1.1 GET http://localhost:5055/_vs/browserLink - - - 200 - text/javascript;+charset=UTF-8 44.9654ms
2024-03-27 13:54:10.813 +05:30  INF  Request starting HTTP/1.1 GET http://localhost:5055/swagger/v1/swagger.json - -
2024-03-27 13:54:10.893 +05:30  INF  Request finished HTTP/1.1 GET http://localhost:5055/swagger/v1/swagger.json - - - 200 - application/json;charset=utf-8 80.3670ms
2024-03-27 13:55:26.172 +05:30  INF  Request starting HTTP/1.1 POST http://localhost:5055/api/Employees/add-employee multipart/form-data;+boundary=----WebKitFormBoundaryBOCmwwYhvsYAAh4P 1827
2024-03-27 13:55:26.180 +05:30  WRN  Failed to determine the https port for redirect.
2024-03-27 13:55:26.183 +05:30  INF  Executing endpoint 'EmployeeManagement.Controllers.EmployeesController.PostEmployee (EmployeeManagement)'
2024-03-27 13:55:26.198 +05:30  INF  Route matched with {action = "PostEmployee", controller = "Employees"}. Executing controller action with signature System.Threading.Tasks.Task`1[Microsoft.AspNetCore.Mvc.ActionResult`1[EmployeeManagement.Entities.Employee]] PostEmployee(EmployeeManagement.ViewModels.EmployeeVM) on controller EmployeeManagement.Controllers.EmployeesController (EmployeeManagement).
2024-03-27 13:55:26.338 +05:30  INF  Executing action method EmployeeManagement.Controllers.EmployeesController.PostEmployee (EmployeeManagement) - Validation state: "Valid"
2024-03-27 13:55:26.579 +05:30  WRN  No store type was specified for the decimal property 'Salary' on entity type 'Employee'. This will cause values to be silently truncated if they do not fit in the default precision and scale. Explicitly specify the SQL server column type that can accommodate all the values in 'OnModelCreating' using 'HasColumnType', specify precision and scale using 'HasPrecision', or configure a value converter using 'HasConversion'.
2024-03-27 13:55:27.164 +05:30  INF  Executed DbCommand (40ms) [Parameters=[@p0='?' (Size = 500), @p1='?' (DbType = DateTime2), @p2='?' (DbType = Int32), @p3='?' (DbType = Int32), @p4='?' (DbType = DateTime2), @p5='?' (Size = 50), @p6='?' (Size = 50), @p7='?' (Size = 1), @p8='?' (Size = 100), @p9='?' (Size = 50), @p10='?' (DbType = Boolean), @p11='?' (Size = 4000), @p12='?' (Size = 4000), @p13='?' (Precision = 18) (Scale = 2) (DbType = Decimal), @p14='?' (DbType = Int32), @p15='?' (Size = 4000)], CommandType='"Text"', CommandTimeout='30']
SET IMPLICIT_TRANSACTIONS OFF;
SET NOCOUNT ON;
INSERT INTO [Employees] ([Address], [BirthDate], [City], [Country], [Created], [Email], [FirstName], [Gender], [Hobbies], [LastName], [MaritalStatus], [Password], [Photo], [Salary], [State], [ZipCode])
OUTPUT INSERTED.[Id]
VALUES (@p0, @p1, @p2, @p3, @p4, @p5, @p6, @p7, @p8, @p9, @p10, @p11, @p12, @p13, @p14, @p15);
2024-03-27 13:55:27.198 +05:30  INF  Executed action method EmployeeManagement.Controllers.EmployeesController.PostEmployee (EmployeeManagement), returned result Microsoft.AspNetCore.Mvc.CreatedAtActionResult in 856.1826ms.
2024-03-27 13:55:27.202 +05:30  INF  Executing CreatedAtActionResult, writing value of type 'EmployeeManagement.ViewModels.EmployeeVM'.
2024-03-27 13:55:27.240 +05:30  INF  Executed action EmployeeManagement.Controllers.EmployeesController.PostEmployee (EmployeeManagement) in 1039.4988ms
2024-03-27 13:55:27.240 +05:30  INF  Executed endpoint 'EmployeeManagement.Controllers.EmployeesController.PostEmployee (EmployeeManagement)'
2024-03-27 13:55:27.245 +05:30  INF  Request finished HTTP/1.1 POST http://localhost:5055/api/Employees/add-employee multipart/form-data;+boundary=----WebKitFormBoundaryBOCmwwYhvsYAAh4P 1827 - 201 - application/json;+charset=utf-8 1072.9274ms
2024-03-27 15:03:03.270 +05:30  INF  Now listening on: http://localhost:5055
2024-03-27 15:03:03.287 +05:30  INF  Application started. Press Ctrl+C to shut down.
2024-03-27 15:03:03.287 +05:30  INF  Hosting environment: Development
2024-03-27 15:03:03.287 +05:30  INF  Content root path: C:\Users\TGCUser105\Desktop\DemoAPI-development\WebApplication2
2024-03-27 15:03:03.902 +05:30  INF  Request starting HTTP/1.1 GET http://localhost:5055/swagger/index.html - -
2024-03-27 15:03:04.089 +05:30  INF  Request starting HTTP/1.1 GET http://localhost:5055/_framework/aspnetcore-browser-refresh.js - -
2024-03-27 15:03:04.091 +05:30  INF  Request finished HTTP/1.1 GET http://localhost:5055/_framework/aspnetcore-browser-refresh.js - - - 200 12368 application/javascript;+charset=utf-8 1.4306ms
2024-03-27 15:03:04.091 +05:30  INF  Request finished HTTP/1.1 GET http://localhost:5055/swagger/index.html - - - 200 - text/html;charset=utf-8 190.5002ms
2024-03-27 15:03:04.093 +05:30  INF  Request starting HTTP/1.1 GET http://localhost:5055/_vs/browserLink - -
2024-03-27 15:03:04.110 +05:30  INF  Request finished HTTP/1.1 GET http://localhost:5055/_vs/browserLink - - - 200 - text/javascript;+charset=UTF-8 16.9375ms
2024-03-27 15:03:04.158 +05:30  INF  Request starting HTTP/1.1 GET http://localhost:5055/swagger/v1/swagger.json - -
2024-03-27 15:03:04.243 +05:30  INF  Request finished HTTP/1.1 GET http://localhost:5055/swagger/v1/swagger.json - - - 200 - application/json;charset=utf-8 84.5231ms
2024-03-27 15:15:13.303 +05:30  WRN  No store type was specified for the decimal property 'Salary' on entity type 'Employee'. This will cause values to be silently truncated if they do not fit in the default precision and scale. Explicitly specify the SQL server column type that can accommodate all the values in 'OnModelCreating' using 'HasColumnType', specify precision and scale using 'HasPrecision', or configure a value converter using 'HasConversion'.
2024-03-27 15:15:13.427 +05:30  WRN  No store type was specified for the decimal property 'Salary' on entity type 'Employee'. This will cause values to be silently truncated if they do not fit in the default precision and scale. Explicitly specify the SQL server column type that can accommodate all the values in 'OnModelCreating' using 'HasColumnType', specify precision and scale using 'HasPrecision', or configure a value converter using 'HasConversion'.
2024-03-27 15:15:22.472 +05:30  WRN  No store type was specified for the decimal property 'Salary' on entity type 'Employee'. This will cause values to be silently truncated if they do not fit in the default precision and scale. Explicitly specify the SQL server column type that can accommodate all the values in 'OnModelCreating' using 'HasColumnType', specify precision and scale using 'HasPrecision', or configure a value converter using 'HasConversion'.
2024-03-27 15:15:22.858 +05:30  INF  Executed DbCommand (13ms) [Parameters=[], CommandType='"Text"', CommandTimeout='30']
SELECT 1
2024-03-27 15:15:22.878 +05:30  INF  Executed DbCommand (12ms) [Parameters=[], CommandType='"Text"', CommandTimeout='30']
SELECT OBJECT_ID(N'[__EFMigrationsHistory]');
2024-03-27 15:15:22.879 +05:30  INF  Executed DbCommand (1ms) [Parameters=[], CommandType='"Text"', CommandTimeout='30']
SELECT 1
2024-03-27 15:15:22.879 +05:30  INF  Executed DbCommand (0ms) [Parameters=[], CommandType='"Text"', CommandTimeout='30']
SELECT OBJECT_ID(N'[__EFMigrationsHistory]');
2024-03-27 15:15:22.923 +05:30  INF  Executed DbCommand (33ms) [Parameters=[], CommandType='"Text"', CommandTimeout='30']
SELECT [MigrationId], [ProductVersion]
FROM [__EFMigrationsHistory]
ORDER BY [MigrationId];
2024-03-27 15:15:22.932 +05:30  INF  Applying migration '20240327094513_CityStateCountry'.
2024-03-27 15:15:23.006 +05:30  INF  Executed DbCommand (33ms) [Parameters=[], CommandType='"Text"', CommandTimeout='30']
CREATE TABLE [Countries] (
    [Id] int NOT NULL IDENTITY,
    [CountryName] nvarchar(max) NOT NULL,
    CONSTRAINT [PK_Countries] PRIMARY KEY ([Id])
);
2024-03-27 15:15:23.009 +05:30  INF  Executed DbCommand (3ms) [Parameters=[], CommandType='"Text"', CommandTimeout='30']
CREATE TABLE [States] (
    [Id] int NOT NULL IDENTITY,
    [StateName] nvarchar(max) NOT NULL,
    [CountryId] int NOT NULL,
    CONSTRAINT [PK_States] PRIMARY KEY ([Id]),
    CONSTRAINT [FK_States_Countries_CountryId] FOREIGN KEY ([CountryId]) REFERENCES [Countries] ([Id]) ON DELETE CASCADE
);
2024-03-27 15:15:23.010 +05:30  INF  Executed DbCommand (1ms) [Parameters=[], CommandType='"Text"', CommandTimeout='30']
CREATE TABLE [Cities] (
    [Id] int NOT NULL IDENTITY,
    [CityName] nvarchar(max) NOT NULL,
    [StateId] int NOT NULL,
    CONSTRAINT [PK_Cities] PRIMARY KEY ([Id]),
    CONSTRAINT [FK_Cities_States_StateId] FOREIGN KEY ([StateId]) REFERENCES [States] ([Id]) ON DELETE CASCADE
);
2024-03-27 15:15:23.014 +05:30  INF  Executed DbCommand (4ms) [Parameters=[], CommandType='"Text"', CommandTimeout='30']
CREATE INDEX [IX_Cities_StateId] ON [Cities] ([StateId]);
2024-03-27 15:15:23.015 +05:30  INF  Executed DbCommand (1ms) [Parameters=[], CommandType='"Text"', CommandTimeout='30']
CREATE INDEX [IX_States_CountryId] ON [States] ([CountryId]);
2024-03-27 15:15:23.026 +05:30  INF  Executed DbCommand (10ms) [Parameters=[], CommandType='"Text"', CommandTimeout='30']
INSERT INTO [__EFMigrationsHistory] ([MigrationId], [ProductVersion])
VALUES (N'20240327094513_CityStateCountry', N'7.0.0');
2024-03-27 16:12:26.138 +05:30  INF  Now listening on: http://localhost:5055
2024-03-27 16:12:26.154 +05:30  INF  Application started. Press Ctrl+C to shut down.
2024-03-27 16:12:26.154 +05:30  INF  Hosting environment: Development
2024-03-27 16:12:26.154 +05:30  INF  Content root path: C:\Users\TGCUser105\Desktop\DemoAPI-development\WebApplication2
2024-03-27 16:12:26.707 +05:30  INF  Request starting HTTP/1.1 GET http://localhost:5055/swagger/index.html - -
2024-03-27 16:12:26.844 +05:30  INF  Request starting HTTP/1.1 GET http://localhost:5055/_framework/aspnetcore-browser-refresh.js - -
2024-03-27 16:12:26.844 +05:30  INF  Request starting HTTP/1.1 GET http://localhost:5055/_vs/browserLink - -
2024-03-27 16:12:26.856 +05:30  INF  Request finished HTTP/1.1 GET http://localhost:5055/_framework/aspnetcore-browser-refresh.js - - - 200 12368 application/javascript;+charset=utf-8 1.7433ms
2024-03-27 16:12:26.856 +05:30  INF  Request finished HTTP/1.1 GET http://localhost:5055/swagger/index.html - - - 200 - text/html;charset=utf-8 151.4074ms
2024-03-27 16:12:26.859 +05:30  INF  Request finished HTTP/1.1 GET http://localhost:5055/_vs/browserLink - - - 200 - text/javascript;+charset=UTF-8 14.9242ms
2024-03-27 16:12:26.906 +05:30  INF  Request starting HTTP/1.1 GET http://localhost:5055/swagger/v1/swagger.json - -
2024-03-27 16:12:26.987 +05:30  INF  Request finished HTTP/1.1 GET http://localhost:5055/swagger/v1/swagger.json - - - 200 - application/json;charset=utf-8 80.4549ms
